This file contains any messages produced by compilers while
running configure, to aid debugging if configure makes a mistake.

It was created by ESPRESSO configure 5.4.0, which was
generated by GNU Autoconf 2.69.  Invocation command line was

  $ ./install/configure --enable-openmp --disable-parallel

## --------- ##
## Platform. ##
## --------- ##

hostname = qeforge.qe-forge.org
uname -m = i686
uname -r = 2.6.18-371.12.1.el5PAE
uname -s = Linux
uname -v = #1 SMP Wed Sep 3 17:06:41 EDT 2014

/usr/bin/uname -p = unknown
/bin/uname -X     = unknown

/bin/arch              = i686
/usr/bin/arch -k       = unknown
/usr/convex/getsysinfo = unknown
/usr/bin/hostinfo      = unknown
/bin/machine           = unknown
/usr/bin/oslevel       = unknown
/bin/universe          = unknown

PATH: /home/qe-buildbot/buildbot_slave_qe_forge_env/bin
PATH: /opt/m4-1.4.17/bin
PATH: /opt/autoconf-2.69/bin
PATH: /opt/automake-1.15/bin
PATH: /opt/sqlite-3.12.2/bin
PATH: /opt/python-2.7.11/bin
PATH: /usr/kerberos/bin
PATH: /usr/local/bin
PATH: /bin
PATH: /usr/bin
PATH: /home/qe-buildbot/bin


## ----------- ##
## Core tests. ##
## ----------- ##

configure:2576: checking build system type
configure:2590: result: i686-pc-linux-gnu
configure:2614: checking ARCH
configure:2659: result: ia32
configure:2679: checking setting AR... 
configure:2685: result: ar
configure:2689: checking setting ARFLAGS... 
configure:2704: result: ruv
configure:2785: checking for gfortran
configure:2801: found /usr/bin/gfortran
configure:2812: result: gfortran
configure:2828: WARNING: using cross tools not prefixed with host triplet
configure:2838: checking for Fortran compiler version
configure:2847: gfortran --version >&5
GNU Fortran (GCC) 4.1.2 20080704 (Red Hat 4.1.2-54)
Copyright (C) 2007 Free Software Foundation, Inc.

GNU Fortran comes with NO WARRANTY, to the extent permitted by law.
You may redistribute copies of GNU Fortran
under the terms of the GNU General Public License.
For more information about these matters, see the file named COPYING

configure:2858: $? = 0
configure:2847: gfortran -v >&5
Using built-in specs.
Target: i386-redhat-linux
Configured with: ../configure --prefix=/usr --mandir=/usr/share/man --infodir=/usr/share/info --enable-shared --enable-threads=posix --enable-checking=release --with-system-zlib --enable-__cxa_atexit --disable-libunwind-exceptions --enable-libgcj-multifile --enable-languages=c,c++,objc,obj-c++,java,fortran,ada --enable-java-awt=gtk --disable-dssi --disable-plugin --with-java-home=/usr/lib/jvm/java-1.4.2-gcj-1.4.2.0/jre --with-cpu=generic --host=i386-redhat-linux
Thread model: posix
gcc version 4.1.2 20080704 (Red Hat 4.1.2-54)
configure:2858: $? = 0
configure:2847: gfortran -V >&5
gfortran: '-V' option must have argument
configure:2858: $? = 1
configure:2847: gfortran -qversion >&5
gfortran: unrecognized option '-qversion'
gfortran: no input files
configure:2858: $? = 1
configure:2867: checking whether we are using the GNU Fortran compiler
configure:2880: gfortran -c   conftest.F >&5
configure:2880: $? = 0
configure: failed program was:
|       program main
| #ifndef __GNUC__
|        choke me
| #endif
| 
|       end
configure:2889: result: no
configure:2895: checking whether gfortran accepts -g
configure:2906: gfortran -c -g  conftest.f >&5
configure:2906: $? = 0
configure: failed program was:
|       program main
| 
|       end
configure:2914: result: no
configure:3152: checking for Fortran compiler version
configure:3161: gfortran --version >&5
GNU Fortran (GCC) 4.1.2 20080704 (Red Hat 4.1.2-54)
Copyright (C) 2007 Free Software Foundation, Inc.

GNU Fortran comes with NO WARRANTY, to the extent permitted by law.
You may redistribute copies of GNU Fortran
under the terms of the GNU General Public License.
For more information about these matters, see the file named COPYING

configure:3172: $? = 0
configure:3161: gfortran -v >&5
Using built-in specs.
Target: i386-redhat-linux
Configured with: ../configure --prefix=/usr --mandir=/usr/share/man --infodir=/usr/share/info --enable-shared --enable-threads=posix --enable-checking=release --with-system-zlib --enable-__cxa_atexit --disable-libunwind-exceptions --enable-libgcj-multifile --enable-languages=c,c++,objc,obj-c++,java,fortran,ada --enable-java-awt=gtk --disable-dssi --disable-plugin --with-java-home=/usr/lib/jvm/java-1.4.2-gcj-1.4.2.0/jre --with-cpu=generic --host=i386-redhat-linux
Thread model: posix
gcc version 4.1.2 20080704 (Red Hat 4.1.2-54)
configure:3172: $? = 0
configure:3161: gfortran -V >&5
gfortran: '-V' option must have argument
configure:3172: $? = 1
configure:3161: gfortran -qversion >&5
gfortran: unrecognized option '-qversion'
gfortran: no input files
configure:3172: $? = 1
configure:3187: checking whether the Fortran compiler works
configure:3209: gfortran    conftest.f  >&5
configure:3213: $? = 0
configure:3261: result: yes
configure:3264: checking for Fortran compiler default output file name
configure:3266: result: a.out
configure:3272: checking for suffix of executables
configure:3279: gfortran -o conftest    conftest.f  >&5
configure:3283: $? = 0
configure:3305: result: 
configure:3321: checking whether we are cross compiling
configure:3359: result: yes
configure:3364: checking for suffix of object files
configure:3380: gfortran -c   conftest.f >&5
configure:3384: $? = 0
configure:3405: result: o
configure:3413: checking whether we are using the GNU Fortran compiler
configure:3435: result: no
configure:3441: checking whether gfortran accepts -g
configure:3460: result: no
configure:3494: checking for Fortran flag to compile .f90 files
configure:3514: gfortran -c   conftest.f90 >&5
configure:3514: $? = 0
configure:3523: result: none
configure:4247: checking for cc
configure:4263: found /usr/bin/cc
configure:4274: result: cc
configure:4305: checking for C compiler version
configure:4314: cc --version >&5
cc (GCC) 4.1.2 20080704 (Red Hat 4.1.2-54)
Copyright (C) 2006 Free Software Foundation, Inc.
This is free software; see the source for copying conditions.  There is NO
warranty; not even for MERCHANTABILITY or FITNESS FOR A PARTICULAR PURPOSE.

configure:4325: $? = 0
configure:4314: cc -v >&5
Using built-in specs.
Target: i386-redhat-linux
Configured with: ../configure --prefix=/usr --mandir=/usr/share/man --infodir=/usr/share/info --enable-shared --enable-threads=posix --enable-checking=release --with-system-zlib --enable-__cxa_atexit --disable-libunwind-exceptions --enable-libgcj-multifile --enable-languages=c,c++,objc,obj-c++,java,fortran,ada --enable-java-awt=gtk --disable-dssi --disable-plugin --with-java-home=/usr/lib/jvm/java-1.4.2-gcj-1.4.2.0/jre --with-cpu=generic --host=i386-redhat-linux
Thread model: posix
gcc version 4.1.2 20080704 (Red Hat 4.1.2-54)
configure:4325: $? = 0
configure:4314: cc -V >&5
cc: '-V' option must have argument
configure:4325: $? = 1
configure:4314: cc -qversion >&5
cc: unrecognized option '-qversion'
cc: no input files
configure:4325: $? = 1
configure:4329: checking whether we are using the GNU C compiler
configure:4348: cc -c   conftest.c >&5
configure:4348: $? = 0
configure:4357: result: yes
configure:4366: checking whether cc accepts -g
configure:4386: cc -c -g  conftest.c >&5
configure:4386: $? = 0
configure:4427: result: yes
configure:4444: checking for cc option to accept ISO C89
configure:4507: cc  -c -g -O2  conftest.c >&5
configure:4507: $? = 0
configure:4520: result: none needed
configure:4611: checking how to run the C preprocessor
configure:4642: cc -E  conftest.c
configure:4642: $? = 0
configure:4656: cc -E  conftest.c
conftest.c:9:28: error: ac_nonexistent.h: No such file or directory
configure:4656: $? = 1
configure: failed program was:
| /* confdefs.h */
| #define PACKAGE_NAME "ESPRESSO"
| #define PACKAGE_TARNAME "espresso"
| #define PACKAGE_VERSION "5.4.0"
| #define PACKAGE_STRING "ESPRESSO 5.4.0"
| #define PACKAGE_BUGREPORT ""
| #define PACKAGE_URL ""
| /* end confdefs.h.  */
| #include <ac_nonexistent.h>
configure:4681: result: cc -E
configure:4701: cc -E  conftest.c
configure:4701: $? = 0
configure:4715: cc -E  conftest.c
conftest.c:9:28: error: ac_nonexistent.h: No such file or directory
configure:4715: $? = 1
configure: failed program was:
| /* confdefs.h */
| #define PACKAGE_NAME "ESPRESSO"
| #define PACKAGE_TARNAME "espresso"
| #define PACKAGE_VERSION "5.4.0"
| #define PACKAGE_STRING "ESPRESSO 5.4.0"
| #define PACKAGE_BUGREPORT ""
| #define PACKAGE_URL ""
| /* end confdefs.h.  */
| #include <ac_nonexistent.h>
configure:4744: checking for grep that handles long lines and -e
configure:4802: result: /bin/grep
configure:4807: checking for egrep
configure:4869: result: /bin/grep -E
configure:4874: checking for ANSI C header files
configure:4894: cc -c -g -O2  conftest.c >&5
configure:4894: $? = 0
configure:4978: result: yes
configure:4991: checking for sys/types.h
configure:4991: cc -c -g -O2  conftest.c >&5
configure:4991: $? = 0
configure:4991: result: yes
configure:4991: checking for sys/stat.h
configure:4991: cc -c -g -O2  conftest.c >&5
configure:4991: $? = 0
configure:4991: result: yes
configure:4991: checking for stdlib.h
configure:4991: cc -c -g -O2  conftest.c >&5
configure:4991: $? = 0
configure:4991: result: yes
configure:4991: checking for string.h
configure:4991: cc -c -g -O2  conftest.c >&5
configure:4991: $? = 0
configure:4991: result: yes
configure:4991: checking for memory.h
configure:4991: cc -c -g -O2  conftest.c >&5
configure:4991: $? = 0
configure:4991: result: yes
configure:4991: checking for strings.h
configure:4991: cc -c -g -O2  conftest.c >&5
configure:4991: $? = 0
configure:4991: result: yes
configure:4991: checking for inttypes.h
configure:4991: cc -c -g -O2  conftest.c >&5
configure:4991: $? = 0
configure:4991: result: yes
configure:4991: checking for stdint.h
configure:4991: cc -c -g -O2  conftest.c >&5
configure:4991: $? = 0
configure:4991: result: yes
configure:4991: checking for unistd.h
configure:4991: cc -c -g -O2  conftest.c >&5
configure:4991: $? = 0
configure:4991: result: yes
configure:5012: checking size of int *
configure:5017: cc -c -g -O2  conftest.c >&5
configure:5017: $? = 0
configure:5017: cc -c -g -O2  conftest.c >&5
conftest.c: In function 'main':
conftest.c:55: error: size of array 'test_array' is negative
configure:5017: $? = 1
configure: failed program was:
| /* confdefs.h */
| #define PACKAGE_NAME "ESPRESSO"
| #define PACKAGE_TARNAME "espresso"
| #define PACKAGE_VERSION "5.4.0"
| #define PACKAGE_STRING "ESPRESSO 5.4.0"
| #define PACKAGE_BUGREPORT ""
| #define PACKAGE_URL ""
| #define STDC_HEADERS 1
| #define HAVE_SYS_TYPES_H 1
| #define HAVE_SYS_STAT_H 1
| #define HAVE_STDLIB_H 1
| #define HAVE_STRING_H 1
| #define HAVE_MEMORY_H 1
| #define HAVE_STRINGS_H 1
| #define HAVE_INTTYPES_H 1
| #define HAVE_STDINT_H 1
| #define HAVE_UNISTD_H 1
| /* end confdefs.h.  */
| #include <stdio.h>
| #ifdef HAVE_SYS_TYPES_H
| # include <sys/types.h>
| #endif
| #ifdef HAVE_SYS_STAT_H
| # include <sys/stat.h>
| #endif
| #ifdef STDC_HEADERS
| # include <stdlib.h>
| # include <stddef.h>
| #else
| # ifdef HAVE_STDLIB_H
| #  include <stdlib.h>
| # endif
| #endif
| #ifdef HAVE_STRING_H
| # if !defined STDC_HEADERS && defined HAVE_MEMORY_H
| #  include <memory.h>
| # endif
| # include <string.h>
| #endif
| #ifdef HAVE_STRINGS_H
| # include <strings.h>
| #endif
| #ifdef HAVE_INTTYPES_H
| # include <inttypes.h>
| #endif
| #ifdef HAVE_STDINT_H
| # include <stdint.h>
| #endif
| #ifdef HAVE_UNISTD_H
| # include <unistd.h>
| #endif
| int
| main ()
| {
| static int test_array [1 - 2 * !(((long int) (sizeof (int *))) <= 0)];
| test_array [0] = 0;
| return test_array [0];
| 
|   ;
|   return 0;
| }
configure:5017: cc -c -g -O2  conftest.c >&5
conftest.c: In function 'main':
conftest.c:55: error: size of array 'test_array' is negative
configure:5017: $? = 1
configure: failed program was:
| /* confdefs.h */
| #define PACKAGE_NAME "ESPRESSO"
| #define PACKAGE_TARNAME "espresso"
| #define PACKAGE_VERSION "5.4.0"
| #define PACKAGE_STRING "ESPRESSO 5.4.0"
| #define PACKAGE_BUGREPORT ""
| #define PACKAGE_URL ""
| #define STDC_HEADERS 1
| #define HAVE_SYS_TYPES_H 1
| #define HAVE_SYS_STAT_H 1
| #define HAVE_STDLIB_H 1
| #define HAVE_STRING_H 1
| #define HAVE_MEMORY_H 1
| #define HAVE_STRINGS_H 1
| #define HAVE_INTTYPES_H 1
| #define HAVE_STDINT_H 1
| #define HAVE_UNISTD_H 1
| /* end confdefs.h.  */
| #include <stdio.h>
| #ifdef HAVE_SYS_TYPES_H
| # include <sys/types.h>
| #endif
| #ifdef HAVE_SYS_STAT_H
| # include <sys/stat.h>
| #endif
| #ifdef STDC_HEADERS
| # include <stdlib.h>
| # include <stddef.h>
| #else
| # ifdef HAVE_STDLIB_H
| #  include <stdlib.h>
| # endif
| #endif
| #ifdef HAVE_STRING_H
| # if !defined STDC_HEADERS && defined HAVE_MEMORY_H
| #  include <memory.h>
| # endif
| # include <string.h>
| #endif
| #ifdef HAVE_STRINGS_H
| # include <strings.h>
| #endif
| #ifdef HAVE_INTTYPES_H
| # include <inttypes.h>
| #endif
| #ifdef HAVE_STDINT_H
| # include <stdint.h>
| #endif
| #ifdef HAVE_UNISTD_H
| # include <unistd.h>
| #endif
| int
| main ()
| {
| static int test_array [1 - 2 * !(((long int) (sizeof (int *))) <= 1)];
| test_array [0] = 0;
| return test_array [0];
| 
|   ;
|   return 0;
| }
configure:5017: cc -c -g -O2  conftest.c >&5
conftest.c: In function 'main':
conftest.c:55: error: size of array 'test_array' is negative
configure:5017: $? = 1
configure: failed program was:
| /* confdefs.h */
| #define PACKAGE_NAME "ESPRESSO"
| #define PACKAGE_TARNAME "espresso"
| #define PACKAGE_VERSION "5.4.0"
| #define PACKAGE_STRING "ESPRESSO 5.4.0"
| #define PACKAGE_BUGREPORT ""
| #define PACKAGE_URL ""
| #define STDC_HEADERS 1
| #define HAVE_SYS_TYPES_H 1
| #define HAVE_SYS_STAT_H 1
| #define HAVE_STDLIB_H 1
| #define HAVE_STRING_H 1
| #define HAVE_MEMORY_H 1
| #define HAVE_STRINGS_H 1
| #define HAVE_INTTYPES_H 1
| #define HAVE_STDINT_H 1
| #define HAVE_UNISTD_H 1
| /* end confdefs.h.  */
| #include <stdio.h>
| #ifdef HAVE_SYS_TYPES_H
| # include <sys/types.h>
| #endif
| #ifdef HAVE_SYS_STAT_H
| # include <sys/stat.h>
| #endif
| #ifdef STDC_HEADERS
| # include <stdlib.h>
| # include <stddef.h>
| #else
| # ifdef HAVE_STDLIB_H
| #  include <stdlib.h>
| # endif
| #endif
| #ifdef HAVE_STRING_H
| # if !defined STDC_HEADERS && defined HAVE_MEMORY_H
| #  include <memory.h>
| # endif
| # include <string.h>
| #endif
| #ifdef HAVE_STRINGS_H
| # include <strings.h>
| #endif
| #ifdef HAVE_INTTYPES_H
| # include <inttypes.h>
| #endif
| #ifdef HAVE_STDINT_H
| # include <stdint.h>
| #endif
| #ifdef HAVE_UNISTD_H
| # include <unistd.h>
| #endif
| int
| main ()
| {
| static int test_array [1 - 2 * !(((long int) (sizeof (int *))) <= 3)];
| test_array [0] = 0;
| return test_array [0];
| 
|   ;
|   return 0;
| }
configure:5017: cc -c -g -O2  conftest.c >&5
configure:5017: $? = 0
configure:5017: cc -c -g -O2  conftest.c >&5
configure:5017: $? = 0
configure:5017: cc -c -g -O2  conftest.c >&5
configure:5017: $? = 0
configure:5031: result: 4
configure:5045: checking malloc.h usability
configure:5045: cc -c -g -O2  conftest.c >&5
configure:5045: $? = 0
configure:5045: result: yes
configure:5045: checking malloc.h presence
configure:5045: cc -E  conftest.c
configure:5045: $? = 0
configure:5045: result: yes
configure:5045: checking for malloc.h
configure:5045: result: yes
configure:5055: checking for struct mallinfo.arena
configure:5055: cc -c -g -O2  conftest.c >&5
configure:5055: $? = 0
configure:5055: result: yes
configure:5152: checking for gfortran
configure:5168: found /usr/bin/gfortran
configure:5179: result: gfortran
configure:5205: checking for Fortran 77 compiler version
configure:5214: gfortran --version >&5
GNU Fortran (GCC) 4.1.2 20080704 (Red Hat 4.1.2-54)
Copyright (C) 2007 Free Software Foundation, Inc.

GNU Fortran comes with NO WARRANTY, to the extent permitted by law.
You may redistribute copies of GNU Fortran
under the terms of the GNU General Public License.
For more information about these matters, see the file named COPYING

configure:5225: $? = 0
configure:5214: gfortran -v >&5
Using built-in specs.
Target: i386-redhat-linux
Configured with: ../configure --prefix=/usr --mandir=/usr/share/man --infodir=/usr/share/info --enable-shared --enable-threads=posix --enable-checking=release --with-system-zlib --enable-__cxa_atexit --disable-libunwind-exceptions --enable-libgcj-multifile --enable-languages=c,c++,objc,obj-c++,java,fortran,ada --enable-java-awt=gtk --disable-dssi --disable-plugin --with-java-home=/usr/lib/jvm/java-1.4.2-gcj-1.4.2.0/jre --with-cpu=generic --host=i386-redhat-linux
Thread model: posix
gcc version 4.1.2 20080704 (Red Hat 4.1.2-54)
configure:5225: $? = 0
configure:5214: gfortran -V >&5
gfortran: '-V' option must have argument
configure:5225: $? = 1
configure:5214: gfortran -qversion >&5
gfortran: unrecognized option '-qversion'
gfortran: no input files
configure:5225: $? = 1
configure:5234: checking whether we are using the GNU Fortran 77 compiler
configure:5247: gfortran -c  conftest.F >&5
configure:5247: $? = 0
configure:5256: result: yes
configure:5262: checking whether gfortran accepts -g
configure:5273: gfortran -c -g conftest.f >&5
configure:5273: $? = 0
configure:5281: result: yes
configure:5626: checking whether the Fortran compiler can perform preprocessing
configure:5643: gfortran -c   conftest.f90 >&5
Warning: conftest.f90:3: Illegal preprocessor directive
 In file conftest.f90:4

SUBSTME :: ii
1
Error: Unclassifiable statement at (1)
configure:5643: $? = 1
configure: failed program was:
|       program main
| 
| #define SUBSTME integer
| SUBSTME :: ii
| 
|       end
configure:5647: result: no
configure:5720: checking whether make sets $(MAKE)
configure:5742: result: yes
configure:5767: checking host system type
configure:5780: result: i686-pc-linux-gnu
configure:5805: checking how to get verbose linking output from gfortran
configure:5815: gfortran -c -g -O2 conftest.f >&5
configure:5815: $? = 0
configure:5833: gfortran -o conftest -g -O2 -v conftest.f
Using built-in specs.
Target: i386-redhat-linux
Thread model: posix
gcc version 4.1.2 20080704 (Red Hat 4.1.2-54)
 /usr/libexec/gcc/i386-redhat-linux/4.1.2/f951 conftest.f -ffixed-form -quiet -dumpbase conftest.f -mtune=generic -auxbase conftest -g -O2 -version -I /usr/lib/gcc/i386-redhat-linux/4.1.2/finclude -o /tmp/ccR4Lbef.s
GNU F95 version 4.1.2 20080704 (Red Hat 4.1.2-54) (i386-redhat-linux)
	compiled by GNU C version 4.1.2 20080704 (Red Hat 4.1.2-54).
GGC heuristics: --param ggc-min-expand=100 --param ggc-min-heapsize=131072
 as -V -Qy -o /tmp/ccipx7mj.o /tmp/ccR4Lbef.s
GNU assembler version 2.17.50.0.6-26.el5 (i386-redhat-linux) using BFD version 2.17.50.0.6-26.el5 20061020
 /usr/libexec/gcc/i386-redhat-linux/4.1.2/collect2 --eh-frame-hdr -m elf_i386 --hash-style=gnu -dynamic-linker /lib/ld-linux.so.2 -o conftest /usr/lib/gcc/i386-redhat-linux/4.1.2/../../../crt1.o /usr/lib/gcc/i386-redhat-linux/4.1.2/../../../crti.o /usr/lib/gcc/i386-redhat-linux/4.1.2/crtbegin.o -L/usr/lib/gcc/i386-redhat-linux/4.1.2 -L/usr/lib/gcc/i386-redhat-linux/4.1.2 -L/usr/lib/gcc/i386-redhat-linux/4.1.2/../../.. /tmp/ccipx7mj.o -lgfortranbegin -lgfortran -lm -lgcc_s -lgcc -lc -lgcc_s -lgcc /usr/lib/gcc/i386-redhat-linux/4.1.2/crtend.o /usr/lib/gcc/i386-redhat-linux/4.1.2/../../../crtn.o
configure:5916: result: -v
configure:5918: checking for Fortran 77 libraries of gfortran
configure:5941: gfortran -o conftest -g -O2 -v conftest.f
Using built-in specs.
Target: i386-redhat-linux
Thread model: posix
gcc version 4.1.2 20080704 (Red Hat 4.1.2-54)
 /usr/libexec/gcc/i386-redhat-linux/4.1.2/f951 conftest.f -ffixed-form -quiet -dumpbase conftest.f -mtune=generic -auxbase conftest -g -O2 -version -I /usr/lib/gcc/i386-redhat-linux/4.1.2/finclude -o /tmp/cc3r9oLb.s
GNU F95 version 4.1.2 20080704 (Red Hat 4.1.2-54) (i386-redhat-linux)
	compiled by GNU C version 4.1.2 20080704 (Red Hat 4.1.2-54).
GGC heuristics: --param ggc-min-expand=100 --param ggc-min-heapsize=131072
 as -V -Qy -o /tmp/ccm5SL9b.o /tmp/cc3r9oLb.s
GNU assembler version 2.17.50.0.6-26.el5 (i386-redhat-linux) using BFD version 2.17.50.0.6-26.el5 20061020
 /usr/libexec/gcc/i386-redhat-linux/4.1.2/collect2 --eh-frame-hdr -m elf_i386 --hash-style=gnu -dynamic-linker /lib/ld-linux.so.2 -o conftest /usr/lib/gcc/i386-redhat-linux/4.1.2/../../../crt1.o /usr/lib/gcc/i386-redhat-linux/4.1.2/../../../crti.o /usr/lib/gcc/i386-redhat-linux/4.1.2/crtbegin.o -L/usr/lib/gcc/i386-redhat-linux/4.1.2 -L/usr/lib/gcc/i386-redhat-linux/4.1.2 -L/usr/lib/gcc/i386-redhat-linux/4.1.2/../../.. /tmp/ccm5SL9b.o -lgfortranbegin -lgfortran -lm -lgcc_s -lgcc -lc -lgcc_s -lgcc /usr/lib/gcc/i386-redhat-linux/4.1.2/crtend.o /usr/lib/gcc/i386-redhat-linux/4.1.2/../../../crtn.o
configure:6137: result:  -L/usr/lib/gcc/i386-redhat-linux/4.1.2 -L/usr/lib/gcc/i386-redhat-linux/4.1.2/../../.. -lgfortranbegin -lgfortran -lm
configure:6153: checking for dummy main to link with Fortran 77 libraries
configure:6187: cc -o conftest -g -O2   conftest.c   -L/usr/lib/gcc/i386-redhat-linux/4.1.2 -L/usr/lib/gcc/i386-redhat-linux/4.1.2/../../.. -lgfortranbegin -lgfortran -lm >&5
configure:6187: $? = 0
configure:6232: result: none
configure:6265: checking for Fortran 77 name-mangling scheme
configure:6278: gfortran -c -g -O2 conftest.f >&5
configure:6278: $? = 0
configure:6319: cc -o conftest -g -O2   conftest.c cfortran_test.o   -L/usr/lib/gcc/i386-redhat-linux/4.1.2 -L/usr/lib/gcc/i386-redhat-linux/4.1.2/../../.. -lgfortranbegin -lgfortran -lm >&5
/tmp/ccoNQkpB.o: In function `main':
/home/qe-buildbot/slave_qe_forge/QE-FORGE__PACKAGING_/build/conftest.c:40: undefined reference to `foobar'
collect2: ld returned 1 exit status
configure:6319: $? = 1
configure: failed program was:
| /* confdefs.h */
| #define PACKAGE_NAME "ESPRESSO"
| #define PACKAGE_TARNAME "espresso"
| #define PACKAGE_VERSION "5.4.0"
| #define PACKAGE_STRING "ESPRESSO 5.4.0"
| #define PACKAGE_BUGREPORT ""
| #define PACKAGE_URL ""
| #define STDC_HEADERS 1
| #define HAVE_SYS_TYPES_H 1
| #define HAVE_SYS_STAT_H 1
| #define HAVE_STDLIB_H 1
| #define HAVE_STRING_H 1
| #define HAVE_MEMORY_H 1
| #define HAVE_STRINGS_H 1
| #define HAVE_INTTYPES_H 1
| #define HAVE_STDINT_H 1
| #define HAVE_UNISTD_H 1
| #define SIZEOF_INT_P 4
| #define HAVE_MALLINFO 1
| /* end confdefs.h.  */
| 
| /* Override any GCC internal prototype to avoid an error.
|    Use char because int might match the return type of a GCC
|    builtin and then its argument prototype would still apply.  */
| #ifdef __cplusplus
| extern "C"
| #endif
| char foobar ();
| #ifdef F77_DUMMY_MAIN
| 
| #  ifdef __cplusplus
|      extern "C"
| #  endif
|    int F77_DUMMY_MAIN() { return 1; }
| 
| #endif
| int
| main ()
| {
| return foobar ();
|   ;
|   return 0;
| }
configure:6319: cc -o conftest -g -O2   conftest.c cfortran_test.o   -L/usr/lib/gcc/i386-redhat-linux/4.1.2 -L/usr/lib/gcc/i386-redhat-linux/4.1.2/../../.. -lgfortranbegin -lgfortran -lm >&5
configure:6319: $? = 0
configure:6377: cc -o conftest -g -O2   conftest.c cfortran_test.o   -L/usr/lib/gcc/i386-redhat-linux/4.1.2 -L/usr/lib/gcc/i386-redhat-linux/4.1.2/../../.. -lgfortranbegin -lgfortran -lm >&5
configure:6377: $? = 0
configure:6419: result: lower case, underscore, no extra underscore
configure:7558: checking for library containing dgemm
configure:7576: gfortran -o conftest -O3 -g -fopenmp  -x f95-cpp-input -fopenmp  -g -pthread -fopenmp -L  conftest.f  >&5
gfortran: no input files; unwilling to write output files
configure:7576: $? = 1
configure: failed program was:
|       program main
|       call dgemm
|       end
configure:7576: gfortran -o conftest -O3 -g -fopenmp  -x f95-cpp-input -fopenmp  -g -pthread -fopenmp -L  conftest.f -lmkl_gf -lmkl_sequential -lmkl_core  >&5
/usr/bin/ld: cannot find -lmkl_gf
collect2: ld returned 1 exit status
configure:7576: $? = 1
configure: failed program was:
|       program main
|       call dgemm
|       end
configure:7593: result: no
configure:7558: checking for library containing dgemm
configure:7576: gfortran -o conftest -O3 -g -fopenmp  -x f95-cpp-input -fopenmp  -g -pthread -fopenmp -L/opt/intel/composer*/mkl/lib/ia32 conftest.f  >&5
/tmp/ccwX57it.o: In function `MAIN__':
/home/qe-buildbot/slave_qe_forge/QE-FORGE__PACKAGING_/build/conftest.f:2: undefined reference to `dgemm_'
collect2: ld returned 1 exit status
configure:7576: $? = 1
configure: failed program was:
|       program main
|       call dgemm
|       end
configure:7576: gfortran -o conftest -O3 -g -fopenmp  -x f95-cpp-input -fopenmp  -g -pthread -fopenmp -L/opt/intel/composer*/mkl/lib/ia32 conftest.f -lmkl_gf -lmkl_sequential -lmkl_core  >&5
/usr/bin/ld: cannot find -lmkl_gf
collect2: ld returned 1 exit status
configure:7576: $? = 1
configure: failed program was:
|       program main
|       call dgemm
|       end
configure:7593: result: no
configure:7558: checking for library containing dgemm
configure:7576: gfortran -o conftest -O3 -g -fopenmp  -x f95-cpp-input -fopenmp  -g -pthread -fopenmp -L/opt/intel/Compiler/*/*/mkl/lib/32 conftest.f  >&5
/tmp/ccKgB5VQ.o: In function `MAIN__':
/home/qe-buildbot/slave_qe_forge/QE-FORGE__PACKAGING_/build/conftest.f:2: undefined reference to `dgemm_'
collect2: ld returned 1 exit status
configure:7576: $? = 1
configure: failed program was:
|       program main
|       call dgemm
|       end
configure:7576: gfortran -o conftest -O3 -g -fopenmp  -x f95-cpp-input -fopenmp  -g -pthread -fopenmp -L/opt/intel/Compiler/*/*/mkl/lib/32 conftest.f -lmkl_gf -lmkl_sequential -lmkl_core  >&5
/usr/bin/ld: cannot find -lmkl_gf
collect2: ld returned 1 exit status
configure:7576: $? = 1
configure: failed program was:
|       program main
|       call dgemm
|       end
configure:7593: result: no
configure:7558: checking for library containing dgemm
configure:7576: gfortran -o conftest -O3 -g -fopenmp  -x f95-cpp-input -fopenmp  -g -pthread -fopenmp -L/opt/intel/mkl/*/lib/32 conftest.f  >&5
/tmp/ccvlK0Ca.o: In function `MAIN__':
/home/qe-buildbot/slave_qe_forge/QE-FORGE__PACKAGING_/build/conftest.f:2: undefined reference to `dgemm_'
collect2: ld returned 1 exit status
configure:7576: $? = 1
configure: failed program was:
|       program main
|       call dgemm
|       end
configure:7576: gfortran -o conftest -O3 -g -fopenmp  -x f95-cpp-input -fopenmp  -g -pthread -fopenmp -L/opt/intel/mkl/*/lib/32 conftest.f -lmkl_gf -lmkl_sequential -lmkl_core  >&5
/usr/bin/ld: cannot find -lmkl_gf
collect2: ld returned 1 exit status
configure:7576: $? = 1
configure: failed program was:
|       program main
|       call dgemm
|       end
configure:7593: result: no
configure:7558: checking for library containing dgemm
configure:7576: gfortran -o conftest -O3 -g -fopenmp  -x f95-cpp-input -fopenmp  -g -pthread -fopenmp -L/opt/intel/mkl*/lib/32 conftest.f  >&5
/tmp/ccmXTsBu.o: In function `MAIN__':
/home/qe-buildbot/slave_qe_forge/QE-FORGE__PACKAGING_/build/conftest.f:2: undefined reference to `dgemm_'
collect2: ld returned 1 exit status
configure:7576: $? = 1
configure: failed program was:
|       program main
|       call dgemm
|       end
configure:7576: gfortran -o conftest -O3 -g -fopenmp  -x f95-cpp-input -fopenmp  -g -pthread -fopenmp -L/opt/intel/mkl*/lib/32 conftest.f -lmkl_gf -lmkl_sequential -lmkl_core  >&5
/usr/bin/ld: cannot find -lmkl_gf
collect2: ld returned 1 exit status
configure:7576: $? = 1
configure: failed program was:
|       program main
|       call dgemm
|       end
configure:7593: result: no
configure:7558: checking for library containing dgemm
configure:7576: gfortran -o conftest -O3 -g -fopenmp  -x f95-cpp-input -fopenmp  -g -pthread -fopenmp -L/opt/intel/mkl/lib conftest.f  >&5
/tmp/cc01l15P.o: In function `MAIN__':
/home/qe-buildbot/slave_qe_forge/QE-FORGE__PACKAGING_/build/conftest.f:2: undefined reference to `dgemm_'
collect2: ld returned 1 exit status
configure:7576: $? = 1
configure: failed program was:
|       program main
|       call dgemm
|       end
configure:7576: gfortran -o conftest -O3 -g -fopenmp  -x f95-cpp-input -fopenmp  -g -pthread -fopenmp -L/opt/intel/mkl/lib conftest.f -lmkl_gf -lmkl_sequential -lmkl_core  >&5
/usr/bin/ld: cannot find -lmkl_gf
collect2: ld returned 1 exit status
configure:7576: $? = 1
configure: failed program was:
|       program main
|       call dgemm
|       end
configure:7593: result: no
configure:7558: checking for library containing dgemm
configure:7576: gfortran -o conftest -O3 -g -fopenmp  -x f95-cpp-input -fopenmp  -g -pthread -fopenmp -L/opt/sqlite-3.12.2/lib conftest.f  >&5
/tmp/cckEIFwg.o: In function `MAIN__':
/home/qe-buildbot/slave_qe_forge/QE-FORGE__PACKAGING_/build/conftest.f:2: undefined reference to `dgemm_'
collect2: ld returned 1 exit status
configure:7576: $? = 1
configure: failed program was:
|       program main
|       call dgemm
|       end
configure:7576: gfortran -o conftest -O3 -g -fopenmp  -x f95-cpp-input -fopenmp  -g -pthread -fopenmp -L/opt/sqlite-3.12.2/lib conftest.f -lmkl_gf -lmkl_sequential -lmkl_core  >&5
/usr/bin/ld: cannot find -lmkl_gf
collect2: ld returned 1 exit status
configure:7576: $? = 1
configure: failed program was:
|       program main
|       call dgemm
|       end
configure:7593: result: no
configure:7558: checking for library containing dgemm
configure:7576: gfortran -o conftest -O3 -g -fopenmp  -x f95-cpp-input -fopenmp  -g -pthread -fopenmp -L/opt/python-2.7.11/lib conftest.f  >&5
/tmp/cceO5wVh.o: In function `MAIN__':
/home/qe-buildbot/slave_qe_forge/QE-FORGE__PACKAGING_/build/conftest.f:2: undefined reference to `dgemm_'
collect2: ld returned 1 exit status
configure:7576: $? = 1
configure: failed program was:
|       program main
|       call dgemm
|       end
configure:7576: gfortran -o conftest -O3 -g -fopenmp  -x f95-cpp-input -fopenmp  -g -pthread -fopenmp -L/opt/python-2.7.11/lib conftest.f -lmkl_gf -lmkl_sequential -lmkl_core  >&5
/usr/bin/ld: cannot find -lmkl_gf
collect2: ld returned 1 exit status
configure:7576: $? = 1
configure: failed program was:
|       program main
|       call dgemm
|       end
configure:7593: result: no
configure:8143: checking for library containing dgemm
configure:8161: gfortran -o conftest -O3 -g -fopenmp  -x f95-cpp-input -fopenmp -g -pthread -fopenmp  conftest.f -latlas >&5
/usr/bin/ld: cannot find -latlas
collect2: ld returned 1 exit status
configure:8161: $? = 1
configure: failed program was:
|       program main
|       call dgemm
|       end
configure:8161: gfortran -o conftest -O3 -g -fopenmp  -x f95-cpp-input -fopenmp -g -pthread -fopenmp  conftest.f -lf77blas -lg2c -latlas >&5
/usr/bin/ld: cannot find -lf77blas
collect2: ld returned 1 exit status
configure:8161: $? = 1
configure: failed program was:
|       program main
|       call dgemm
|       end
configure:8178: result: no
configure:8143: checking for library containing dgemm
configure:8161: gfortran -o conftest -O3 -g -fopenmp  -x f95-cpp-input -fopenmp -g -pthread -fopenmp -L/usr/local/lib conftest.f -latlas >&5
/usr/bin/ld: cannot find -latlas
collect2: ld returned 1 exit status
configure:8161: $? = 1
configure: failed program was:
|       program main
|       call dgemm
|       end
configure:8161: gfortran -o conftest -O3 -g -fopenmp  -x f95-cpp-input -fopenmp -g -pthread -fopenmp -L/usr/local/lib conftest.f -lf77blas -lg2c -latlas >&5
/usr/bin/ld: cannot find -lf77blas
collect2: ld returned 1 exit status
configure:8161: $? = 1
configure: failed program was:
|       program main
|       call dgemm
|       end
configure:8178: result: no
configure:8143: checking for library containing dgemm
configure:8161: gfortran -o conftest -O3 -g -fopenmp  -x f95-cpp-input -fopenmp -g -pthread -fopenmp -L/opt/sqlite-3.12.2/lib conftest.f -latlas >&5
/usr/bin/ld: cannot find -latlas
collect2: ld returned 1 exit status
configure:8161: $? = 1
configure: failed program was:
|       program main
|       call dgemm
|       end
configure:8161: gfortran -o conftest -O3 -g -fopenmp  -x f95-cpp-input -fopenmp -g -pthread -fopenmp -L/opt/sqlite-3.12.2/lib conftest.f -lf77blas -lg2c -latlas >&5
/usr/bin/ld: cannot find -lf77blas
collect2: ld returned 1 exit status
configure:8161: $? = 1
configure: failed program was:
|       program main
|       call dgemm
|       end
configure:8178: result: no
configure:8143: checking for library containing dgemm
configure:8161: gfortran -o conftest -O3 -g -fopenmp  -x f95-cpp-input -fopenmp -g -pthread -fopenmp -L/opt/python-2.7.11/lib conftest.f -latlas >&5
/usr/bin/ld: cannot find -latlas
collect2: ld returned 1 exit status
configure:8161: $? = 1
configure: failed program was:
|       program main
|       call dgemm
|       end
configure:8161: gfortran -o conftest -O3 -g -fopenmp  -x f95-cpp-input -fopenmp -g -pthread -fopenmp -L/opt/python-2.7.11/lib conftest.f -lf77blas -lg2c -latlas >&5
/usr/bin/ld: cannot find -lf77blas
collect2: ld returned 1 exit status
configure:8161: $? = 1
configure: failed program was:
|       program main
|       call dgemm
|       end
configure:8178: result: no
configure:8213: checking for library containing dgemm
configure:8231: gfortran -o conftest -O3 -g -fopenmp  -x f95-cpp-input -fopenmp -g -pthread -fopenmp  conftest.f  >&5
/tmp/ccZJT17D.o: In function `MAIN__':
/home/qe-buildbot/slave_qe_forge/QE-FORGE__PACKAGING_/build/conftest.f:2: undefined reference to `dgemm_'
collect2: ld returned 1 exit status
configure:8231: $? = 1
configure: failed program was:
|       program main
|       call dgemm
|       end
configure:8231: gfortran -o conftest -O3 -g -fopenmp  -x f95-cpp-input -fopenmp -g -pthread -fopenmp  conftest.f -lblas-3   >&5
/usr/bin/ld: cannot find -lblas-3
collect2: ld returned 1 exit status
configure:8231: $? = 1
configure: failed program was:
|       program main
|       call dgemm
|       end
configure:8231: gfortran -o conftest -O3 -g -fopenmp  -x f95-cpp-input -fopenmp -g -pthread -fopenmp  conftest.f -lopenblas   >&5
/usr/bin/ld: cannot find -lopenblas
collect2: ld returned 1 exit status
configure:8231: $? = 1
configure: failed program was:
|       program main
|       call dgemm
|       end
configure:8231: gfortran -o conftest -O3 -g -fopenmp  -x f95-cpp-input -fopenmp -g -pthread -fopenmp  conftest.f -lblas   >&5
/usr/bin/ld: cannot find -lblas
collect2: ld returned 1 exit status
configure:8231: $? = 1
configure: failed program was:
|       program main
|       call dgemm
|       end
configure:8248: result: no
configure:8213: checking for library containing dgemm
configure:8231: gfortran -o conftest -O3 -g -fopenmp  -x f95-cpp-input -fopenmp -g -pthread -fopenmp -L/usr/local/lib conftest.f  >&5
/tmp/ccudtFpv.o: In function `MAIN__':
/home/qe-buildbot/slave_qe_forge/QE-FORGE__PACKAGING_/build/conftest.f:2: undefined reference to `dgemm_'
collect2: ld returned 1 exit status
configure:8231: $? = 1
configure: failed program was:
|       program main
|       call dgemm
|       end
configure:8231: gfortran -o conftest -O3 -g -fopenmp  -x f95-cpp-input -fopenmp -g -pthread -fopenmp -L/usr/local/lib conftest.f -lblas-3   >&5
/usr/bin/ld: cannot find -lblas-3
collect2: ld returned 1 exit status
configure:8231: $? = 1
configure: failed program was:
|       program main
|       call dgemm
|       end
configure:8231: gfortran -o conftest -O3 -g -fopenmp  -x f95-cpp-input -fopenmp -g -pthread -fopenmp -L/usr/local/lib conftest.f -lopenblas   >&5
/usr/bin/ld: cannot find -lopenblas
collect2: ld returned 1 exit status
configure:8231: $? = 1
configure: failed program was:
|       program main
|       call dgemm
|       end
configure:8231: gfortran -o conftest -O3 -g -fopenmp  -x f95-cpp-input -fopenmp -g -pthread -fopenmp -L/usr/local/lib conftest.f -lblas   >&5
/usr/bin/ld: cannot find -lblas
collect2: ld returned 1 exit status
configure:8231: $? = 1
configure: failed program was:
|       program main
|       call dgemm
|       end
configure:8248: result: no
configure:8213: checking for library containing dgemm
configure:8231: gfortran -o conftest -O3 -g -fopenmp  -x f95-cpp-input -fopenmp -g -pthread -fopenmp -L/opt/sqlite-3.12.2/lib conftest.f  >&5
/tmp/ccjm0b81.o: In function `MAIN__':
/home/qe-buildbot/slave_qe_forge/QE-FORGE__PACKAGING_/build/conftest.f:2: undefined reference to `dgemm_'
collect2: ld returned 1 exit status
configure:8231: $? = 1
configure: failed program was:
|       program main
|       call dgemm
|       end
configure:8231: gfortran -o conftest -O3 -g -fopenmp  -x f95-cpp-input -fopenmp -g -pthread -fopenmp -L/opt/sqlite-3.12.2/lib conftest.f -lblas-3   >&5
/usr/bin/ld: cannot find -lblas-3
collect2: ld returned 1 exit status
configure:8231: $? = 1
configure: failed program was:
|       program main
|       call dgemm
|       end
configure:8231: gfortran -o conftest -O3 -g -fopenmp  -x f95-cpp-input -fopenmp -g -pthread -fopenmp -L/opt/sqlite-3.12.2/lib conftest.f -lopenblas   >&5
/usr/bin/ld: cannot find -lopenblas
collect2: ld returned 1 exit status
configure:8231: $? = 1
configure: failed program was:
|       program main
|       call dgemm
|       end
configure:8231: gfortran -o conftest -O3 -g -fopenmp  -x f95-cpp-input -fopenmp -g -pthread -fopenmp -L/opt/sqlite-3.12.2/lib conftest.f -lblas   >&5
/usr/bin/ld: cannot find -lblas
collect2: ld returned 1 exit status
configure:8231: $? = 1
configure: failed program was:
|       program main
|       call dgemm
|       end
configure:8248: result: no
configure:8213: checking for library containing dgemm
configure:8231: gfortran -o conftest -O3 -g -fopenmp  -x f95-cpp-input -fopenmp -g -pthread -fopenmp -L/opt/python-2.7.11/lib conftest.f  >&5
/tmp/ccbhbcPH.o: In function `MAIN__':
/home/qe-buildbot/slave_qe_forge/QE-FORGE__PACKAGING_/build/conftest.f:2: undefined reference to `dgemm_'
collect2: ld returned 1 exit status
configure:8231: $? = 1
configure: failed program was:
|       program main
|       call dgemm
|       end
configure:8231: gfortran -o conftest -O3 -g -fopenmp  -x f95-cpp-input -fopenmp -g -pthread -fopenmp -L/opt/python-2.7.11/lib conftest.f -lblas-3   >&5
/usr/bin/ld: cannot find -lblas-3
collect2: ld returned 1 exit status
configure:8231: $? = 1
configure: failed program was:
|       program main
|       call dgemm
|       end
configure:8231: gfortran -o conftest -O3 -g -fopenmp  -x f95-cpp-input -fopenmp -g -pthread -fopenmp -L/opt/python-2.7.11/lib conftest.f -lopenblas   >&5
/usr/bin/ld: cannot find -lopenblas
collect2: ld returned 1 exit status
configure:8231: $? = 1
configure: failed program was:
|       program main
|       call dgemm
|       end
configure:8231: gfortran -o conftest -O3 -g -fopenmp  -x f95-cpp-input -fopenmp -g -pthread -fopenmp -L/opt/python-2.7.11/lib conftest.f -lblas   >&5
/usr/bin/ld: cannot find -lblas
collect2: ld returned 1 exit status
configure:8231: $? = 1
configure: failed program was:
|       program main
|       call dgemm
|       end
configure:8248: result: no
configure:8639: checking for library containing dspev
configure:8657: gfortran -o conftest -O3 -g -fopenmp  -x f95-cpp-input -fopenmp -g -pthread -fopenmp  conftest.f /home/qe-buildbot/slave_qe_forge/QE-FORGE__PACKAGING_/build/BLAS/blas.a >&5
gfortran: /home/qe-buildbot/slave_qe_forge/QE-FORGE__PACKAGING_/build/BLAS/blas.a: No such file or directory
configure:8657: $? = 1
configure: failed program was:
|       program main
|       call dspev
|       end
configure:8657: gfortran -o conftest -O3 -g -fopenmp  -x f95-cpp-input -fopenmp -g -pthread -fopenmp  conftest.f -llapack-3  /home/qe-buildbot/slave_qe_forge/QE-FORGE__PACKAGING_/build/BLAS/blas.a >&5
gfortran: /home/qe-buildbot/slave_qe_forge/QE-FORGE__PACKAGING_/build/BLAS/blas.a: No such file or directory
configure:8657: $? = 1
configure: failed program was:
|       program main
|       call dspev
|       end
configure:8657: gfortran -o conftest -O3 -g -fopenmp  -x f95-cpp-input -fopenmp -g -pthread -fopenmp  conftest.f -llapack  /home/qe-buildbot/slave_qe_forge/QE-FORGE__PACKAGING_/build/BLAS/blas.a >&5
gfortran: /home/qe-buildbot/slave_qe_forge/QE-FORGE__PACKAGING_/build/BLAS/blas.a: No such file or directory
configure:8657: $? = 1
configure: failed program was:
|       program main
|       call dspev
|       end
configure:8674: result: no
configure:8639: checking for library containing dspev
configure:8657: gfortran -o conftest -O3 -g -fopenmp  -x f95-cpp-input -fopenmp -g -pthread -fopenmp -L/usr/local/lib conftest.f /home/qe-buildbot/slave_qe_forge/QE-FORGE__PACKAGING_/build/BLAS/blas.a >&5
gfortran: /home/qe-buildbot/slave_qe_forge/QE-FORGE__PACKAGING_/build/BLAS/blas.a: No such file or directory
configure:8657: $? = 1
configure: failed program was:
|       program main
|       call dspev
|       end
configure:8657: gfortran -o conftest -O3 -g -fopenmp  -x f95-cpp-input -fopenmp -g -pthread -fopenmp -L/usr/local/lib conftest.f -llapack-3  /home/qe-buildbot/slave_qe_forge/QE-FORGE__PACKAGING_/build/BLAS/blas.a >&5
gfortran: /home/qe-buildbot/slave_qe_forge/QE-FORGE__PACKAGING_/build/BLAS/blas.a: No such file or directory
configure:8657: $? = 1
configure: failed program was:
|       program main
|       call dspev
|       end
configure:8657: gfortran -o conftest -O3 -g -fopenmp  -x f95-cpp-input -fopenmp -g -pthread -fopenmp -L/usr/local/lib conftest.f -llapack  /home/qe-buildbot/slave_qe_forge/QE-FORGE__PACKAGING_/build/BLAS/blas.a >&5
gfortran: /home/qe-buildbot/slave_qe_forge/QE-FORGE__PACKAGING_/build/BLAS/blas.a: No such file or directory
configure:8657: $? = 1
configure: failed program was:
|       program main
|       call dspev
|       end
configure:8674: result: no
configure:8639: checking for library containing dspev
configure:8657: gfortran -o conftest -O3 -g -fopenmp  -x f95-cpp-input -fopenmp -g -pthread -fopenmp -L/opt/sqlite-3.12.2/lib conftest.f /home/qe-buildbot/slave_qe_forge/QE-FORGE__PACKAGING_/build/BLAS/blas.a >&5
gfortran: /home/qe-buildbot/slave_qe_forge/QE-FORGE__PACKAGING_/build/BLAS/blas.a: No such file or directory
configure:8657: $? = 1
configure: failed program was:
|       program main
|       call dspev
|       end
configure:8657: gfortran -o conftest -O3 -g -fopenmp  -x f95-cpp-input -fopenmp -g -pthread -fopenmp -L/opt/sqlite-3.12.2/lib conftest.f -llapack-3  /home/qe-buildbot/slave_qe_forge/QE-FORGE__PACKAGING_/build/BLAS/blas.a >&5
gfortran: /home/qe-buildbot/slave_qe_forge/QE-FORGE__PACKAGING_/build/BLAS/blas.a: No such file or directory
configure:8657: $? = 1
configure: failed program was:
|       program main
|       call dspev
|       end
configure:8657: gfortran -o conftest -O3 -g -fopenmp  -x f95-cpp-input -fopenmp -g -pthread -fopenmp -L/opt/sqlite-3.12.2/lib conftest.f -llapack  /home/qe-buildbot/slave_qe_forge/QE-FORGE__PACKAGING_/build/BLAS/blas.a >&5
gfortran: /home/qe-buildbot/slave_qe_forge/QE-FORGE__PACKAGING_/build/BLAS/blas.a: No such file or directory
configure:8657: $? = 1
configure: failed program was:
|       program main
|       call dspev
|       end
configure:8674: result: no
configure:8639: checking for library containing dspev
configure:8657: gfortran -o conftest -O3 -g -fopenmp  -x f95-cpp-input -fopenmp -g -pthread -fopenmp -L/opt/python-2.7.11/lib conftest.f /home/qe-buildbot/slave_qe_forge/QE-FORGE__PACKAGING_/build/BLAS/blas.a >&5
gfortran: /home/qe-buildbot/slave_qe_forge/QE-FORGE__PACKAGING_/build/BLAS/blas.a: No such file or directory
configure:8657: $? = 1
configure: failed program was:
|       program main
|       call dspev
|       end
configure:8657: gfortran -o conftest -O3 -g -fopenmp  -x f95-cpp-input -fopenmp -g -pthread -fopenmp -L/opt/python-2.7.11/lib conftest.f -llapack-3  /home/qe-buildbot/slave_qe_forge/QE-FORGE__PACKAGING_/build/BLAS/blas.a >&5
gfortran: /home/qe-buildbot/slave_qe_forge/QE-FORGE__PACKAGING_/build/BLAS/blas.a: No such file or directory
configure:8657: $? = 1
configure: failed program was:
|       program main
|       call dspev
|       end
configure:8657: gfortran -o conftest -O3 -g -fopenmp  -x f95-cpp-input -fopenmp -g -pthread -fopenmp -L/opt/python-2.7.11/lib conftest.f -llapack  /home/qe-buildbot/slave_qe_forge/QE-FORGE__PACKAGING_/build/BLAS/blas.a >&5
gfortran: /home/qe-buildbot/slave_qe_forge/QE-FORGE__PACKAGING_/build/BLAS/blas.a: No such file or directory
configure:8657: $? = 1
configure: failed program was:
|       program main
|       call dspev
|       end
configure:8674: result: no
configure:8736: checking FFT
configure:9141: checking for DftiComputeForward in -lmkl_intel_lp64
configure:9174: cc -o conftest -O3 -O3  -g -pthread -fopenmp -L/opt/python-2.7.11/lib conftest.c -lmkl_intel_lp64 /home/qe-buildbot/slave_qe_forge/QE-FORGE__PACKAGING_/build/BLAS/blas.a -lm  >&5
cc: /home/qe-buildbot/slave_qe_forge/QE-FORGE__PACKAGING_/build/BLAS/blas.a: No such file or directory
configure:9174: $? = 1
configure: failed program was:
| /* confdefs.h */
| #define PACKAGE_NAME "ESPRESSO"
| #define PACKAGE_TARNAME "espresso"
| #define PACKAGE_VERSION "5.4.0"
| #define PACKAGE_STRING "ESPRESSO 5.4.0"
| #define PACKAGE_BUGREPORT ""
| #define PACKAGE_URL ""
| #define STDC_HEADERS 1
| #define HAVE_SYS_TYPES_H 1
| #define HAVE_SYS_STAT_H 1
| #define HAVE_STDLIB_H 1
| #define HAVE_STRING_H 1
| #define HAVE_MEMORY_H 1
| #define HAVE_STRINGS_H 1
| #define HAVE_INTTYPES_H 1
| #define HAVE_STDINT_H 1
| #define HAVE_UNISTD_H 1
| #define SIZEOF_INT_P 4
| #define HAVE_MALLINFO 1
| #define F77_FUNC(name,NAME) name ## _
| #define F77_FUNC_(name,NAME) name ## _
| /* end confdefs.h.  */
| 
| /* Override any GCC internal prototype to avoid an error.
|    Use char because int might match the return type of a GCC
|    builtin and then its argument prototype would still apply.  */
| #ifdef __cplusplus
| extern "C"
| #endif
| char DftiComputeForward ();
| #ifdef F77_DUMMY_MAIN
| 
| #  ifdef __cplusplus
|      extern "C"
| #  endif
|    int F77_DUMMY_MAIN() { return 1; }
| 
| #endif
| int
| main ()
| {
| return DftiComputeForward ();
|   ;
|   return 0;
| }
configure:9183: result: no
configure:9253: checking for library containing dfftw_execute_dft
configure:9271: gfortran -o conftest -O3 -g -fopenmp  -x f95-cpp-input -fopenmp  -g -pthread -fopenmp  conftest.f  >&5
/tmp/ccfrO78L.o: In function `MAIN__':
/home/qe-buildbot/slave_qe_forge/QE-FORGE__PACKAGING_/build/conftest.f:2: undefined reference to `dfftw_execute_dft_'
collect2: ld returned 1 exit status
configure:9271: $? = 1
configure: failed program was:
|       program main
|       call dfftw_execute_dft
|       end
configure:9271: gfortran -o conftest -O3 -g -fopenmp  -x f95-cpp-input -fopenmp  -g -pthread -fopenmp  conftest.f -lfftw3_omp -lfftw3 -lm  >&5
/usr/bin/ld: cannot find -lfftw3_omp
collect2: ld returned 1 exit status
configure:9271: $? = 1
configure: failed program was:
|       program main
|       call dfftw_execute_dft
|       end
configure:9288: result: no
configure:9253: checking for library containing dfftw_execute_dft
configure:9271: gfortran -o conftest -O3 -g -fopenmp  -x f95-cpp-input -fopenmp  -g -pthread -fopenmp -L/usr/local/lib conftest.f  >&5
/tmp/ccZXauIf.o: In function `MAIN__':
/home/qe-buildbot/slave_qe_forge/QE-FORGE__PACKAGING_/build/conftest.f:2: undefined reference to `dfftw_execute_dft_'
collect2: ld returned 1 exit status
configure:9271: $? = 1
configure: failed program was:
|       program main
|       call dfftw_execute_dft
|       end
configure:9271: gfortran -o conftest -O3 -g -fopenmp  -x f95-cpp-input -fopenmp  -g -pthread -fopenmp -L/usr/local/lib conftest.f -lfftw3_omp -lfftw3 -lm  >&5
/usr/bin/ld: cannot find -lfftw3_omp
collect2: ld returned 1 exit status
configure:9271: $? = 1
configure: failed program was:
|       program main
|       call dfftw_execute_dft
|       end
configure:9288: result: no
configure:9253: checking for library containing dfftw_execute_dft
configure:9271: gfortran -o conftest -O3 -g -fopenmp  -x f95-cpp-input -fopenmp  -g -pthread -fopenmp -L/opt/sqlite-3.12.2/lib conftest.f  >&5
/tmp/ccz9uyKJ.o: In function `MAIN__':
/home/qe-buildbot/slave_qe_forge/QE-FORGE__PACKAGING_/build/conftest.f:2: undefined reference to `dfftw_execute_dft_'
collect2: ld returned 1 exit status
configure:9271: $? = 1
configure: failed program was:
|       program main
|       call dfftw_execute_dft
|       end
configure:9271: gfortran -o conftest -O3 -g -fopenmp  -x f95-cpp-input -fopenmp  -g -pthread -fopenmp -L/opt/sqlite-3.12.2/lib conftest.f -lfftw3_omp -lfftw3 -lm  >&5
/usr/bin/ld: cannot find -lfftw3_omp
collect2: ld returned 1 exit status
configure:9271: $? = 1
configure: failed program was:
|       program main
|       call dfftw_execute_dft
|       end
configure:9288: result: no
configure:9253: checking for library containing dfftw_execute_dft
configure:9271: gfortran -o conftest -O3 -g -fopenmp  -x f95-cpp-input -fopenmp  -g -pthread -fopenmp -L/opt/python-2.7.11/lib conftest.f  >&5
/tmp/ccKgbSOg.o: In function `MAIN__':
/home/qe-buildbot/slave_qe_forge/QE-FORGE__PACKAGING_/build/conftest.f:2: undefined reference to `dfftw_execute_dft_'
collect2: ld returned 1 exit status
configure:9271: $? = 1
configure: failed program was:
|       program main
|       call dfftw_execute_dft
|       end
configure:9271: gfortran -o conftest -O3 -g -fopenmp  -x f95-cpp-input -fopenmp  -g -pthread -fopenmp -L/opt/python-2.7.11/lib conftest.f -lfftw3_omp -lfftw3 -lm  >&5
/usr/bin/ld: cannot find -lfftw3_omp
collect2: ld returned 1 exit status
configure:9271: $? = 1
configure: failed program was:
|       program main
|       call dfftw_execute_dft
|       end
configure:9288: result: no
configure:9382: result: 
configure:9410: checking MASS
configure:9647: result: 
configure:10115: checking ELPA
configure:10158: result: 
configure:10197: checking for ranlib
configure:10213: found /usr/bin/ranlib
configure:10225: result: ranlib
configure:10251: checking for wget
configure:10267: found /usr/bin/wget
configure:10278: result: wget -O
configure:10492: creating ./config.status

## ---------------------- ##
## Running config.status. ##
## ---------------------- ##

This file was extended by ESPRESSO config.status 5.4.0, which was
generated by GNU Autoconf 2.69.  Invocation command line was

  CONFIG_FILES    = 
  CONFIG_HEADERS  = 
  CONFIG_LINKS    = 
  CONFIG_COMMANDS = 
  $ ./config.status 

on qeforge.qe-forge.org

config.status:872: creating install/make_blas.inc
config.status:872: creating install/make_lapack.inc
config.status:872: creating include/fft_defs.h
config.status:872: creating include/configure.h
config.status:872: creating make.inc
config.status:872: creating configure.msg
config.status:872: creating install/make_wannier90.inc
config.status:872: creating include/c_defs.h

## ---------------- ##
## Cache variables. ##
## ---------------- ##

ac_cv_build=i686-pc-linux-gnu
ac_cv_c_compiler_gnu=yes
ac_cv_env_CC_set=
ac_cv_env_CC_value=
ac_cv_env_CFLAGS_set=
ac_cv_env_CFLAGS_value=
ac_cv_env_CPPFLAGS_set=
ac_cv_env_CPPFLAGS_value=
ac_cv_env_CPP_set=
ac_cv_env_CPP_value=
ac_cv_env_EXTLIB_FLAGS_set=
ac_cv_env_EXTLIB_FLAGS_value=
ac_cv_env_F77_set=
ac_cv_env_F77_value=
ac_cv_env_FCFLAGS_set=
ac_cv_env_FCFLAGS_value=
ac_cv_env_FC_set=
ac_cv_env_FC_value=
ac_cv_env_FFLAGS_set=
ac_cv_env_FFLAGS_value=
ac_cv_env_LDFLAGS_set=
ac_cv_env_LDFLAGS_value=
ac_cv_env_LIBS_set=
ac_cv_env_LIBS_value=
ac_cv_env_build_alias_set=
ac_cv_env_build_alias_value=
ac_cv_env_host_alias_set=
ac_cv_env_host_alias_value=
ac_cv_env_target_alias_set=
ac_cv_env_target_alias_value=
ac_cv_f77_compiler_gnu=yes
ac_cv_f77_dummy_main=none
ac_cv_f77_libs=' -L/usr/lib/gcc/i386-redhat-linux/4.1.2 -L/usr/lib/gcc/i386-redhat-linux/4.1.2/../../.. -lgfortranbegin -lgfortran -lm'
ac_cv_f77_mangling='lower case, underscore, no extra underscore'
ac_cv_fc_compiler_gnu=no
ac_cv_fc_srcext_f90=none
ac_cv_fortran_dummy_main=none
ac_cv_header_inttypes_h=yes
ac_cv_header_malloc_h=yes
ac_cv_header_memory_h=yes
ac_cv_header_stdc=yes
ac_cv_header_stdint_h=yes
ac_cv_header_stdlib_h=yes
ac_cv_header_string_h=yes
ac_cv_header_strings_h=yes
ac_cv_header_sys_stat_h=yes
ac_cv_header_sys_types_h=yes
ac_cv_header_unistd_h=yes
ac_cv_host=i686-pc-linux-gnu
ac_cv_lib_mkl_intel_lp64_DftiComputeForward=no
ac_cv_member_struct_mallinfo_arena=yes
ac_cv_objext=o
ac_cv_path_EGREP='/bin/grep -E'
ac_cv_path_GREP=/bin/grep
ac_cv_prog_CPP='cc -E'
ac_cv_prog_ac_ct_CC=cc
ac_cv_prog_ac_ct_F77=gfortran
ac_cv_prog_ac_ct_FC=gfortran
ac_cv_prog_cc_c89=
ac_cv_prog_cc_g=yes
ac_cv_prog_f77_g=yes
ac_cv_prog_f77_v=-v
ac_cv_prog_fc_g=no
ac_cv_prog_make_make_set=yes
ac_cv_prog_ranlib=ranlib
ac_cv_prog_wget='wget -O'
ac_cv_search_dfftw_execute_dft=no
ac_cv_search_dgemm=no
ac_cv_search_dspev=no
ac_cv_sizeof_int_p=4

## ----------------- ##
## Output variables. ##
## ----------------- ##

        $(MPIF90) $(F90FLAGS) -c $(*)_tmp.f90 -o $(*).o'
CC='cc'
CFLAGS='-O3'
CPP='cc -E'
CPPFLAGS='-O3'
DEFS='-DHAVE_CONFIG_H'
ECHO_C=''
ECHO_N='-n'
ECHO_T=''
EGREP='/bin/grep -E'
EXEEXT=''
EXTLIB_FLAGS=''
F77='gfortran'
FC='gfortran'
FCFLAGS=''
FCFLAGS_f90=''
FFLAGS='-O3 -g -fopenmp  -x f95-cpp-input -fopenmp'
FLIBS=' -L/usr/lib/gcc/i386-redhat-linux/4.1.2 -L/usr/lib/gcc/i386-redhat-linux/4.1.2/../../.. -lgfortranbegin -lgfortran -lm'
GREP='/bin/grep'
LDFLAGS=' -g -pthread -fopenmp -L/opt/python-2.7.11/lib'
LIBOBJS=''
LIBS=''
LTLIBOBJS=''
OBJEXT='o'
PACKAGE_BUGREPORT=''
PACKAGE_NAME='ESPRESSO'
PACKAGE_STRING='ESPRESSO 5.4.0'
PACKAGE_TARNAME='espresso'
PACKAGE_URL=''
PACKAGE_VERSION='5.4.0'
PATH_SEPARATOR=':'
SET_MAKE=''
SHELL='/bin/sh'
SIZEOF_INT_P='4'
ac_ct_CC='cc'
ac_ct_F77='gfortran'
ac_ct_FC='gfortran'
ar='ar'
arch='ia32'
arflags='ruv'
bindir='${exec_prefix}/bin'
blas_libs='/home/qe-buildbot/slave_qe_forge/QE-FORGE__PACKAGING_/build/BLAS/blas.a'
blas_libs_switch='internal'
blas_line='BLAS_LIBS=/home/qe-buildbot/slave_qe_forge/QE-FORGE__PACKAGING_/build/BLAS/blas.a'
build='i686-pc-linux-gnu'
build_alias=''
build_cpu='i686'
build_os='linux-gnu'
build_vendor='pc'
cc='cc'
cflags='-O3'
cpp='cpp'
cppflags='-P -traditional'
datadir='${datarootdir}'
datarootdir='${prefix}/share'
dflags=' -D__OPENMP -D__GFORTRAN -D__STD_F95 -D__FFTW'
docdir='${datarootdir}/doc/${PACKAGE_TARNAME}'
dvidir='${docdir}'
elpa_libs_switch='disabled'
exec_prefix='${prefix}'
extlib_flags='-O2'
f77='gfortran'
f90='gfortran'
f90flags='$(FFLAGS) -x f95-cpp-input -fopenmp'
f90rule='$(CPP) $(CPPFLAGS) $< -o $(*)_tmp.f90 ; \
fdflags='$(DFLAGS) $(MANUAL_DFLAGS)'
fflags='-O3 -g -fopenmp'
fflags_nomain=''
fflags_noopt='-O0 -g'
fft_libs=''
fft_line='FFT_LIBS='
host='i686-pc-linux-gnu'
host_alias=''
host_cpu='i686'
host_os='linux-gnu'
host_vendor='pc'
htmldir='${docdir}'
iflags='-I../include'
imod='-I'
includedir='${prefix}/include'
infodir='${datarootdir}/info'
lapack_libs='/home/qe-buildbot/slave_qe_forge/QE-FORGE__PACKAGING_/build/lapack-3.2/lapack.a'
lapack_libs_switch='internal'
lapack_line='LAPACK_LIBS=/home/qe-buildbot/slave_qe_forge/QE-FORGE__PACKAGING_/build/lapack-3.2/lapack.a'
ld='gfortran'
ld_libs=''
ldflags='-g -pthread -fopenmp'
libdir='${exec_prefix}/lib'
libexecdir='${exec_prefix}/libexec'
localedir='${datarootdir}/locale'
localstatedir='${prefix}/var'
mandir='${datarootdir}/man'
mass_libs=''
mass_line='@delete@'
mpi_libs=''
mpi_line='@delete@'
mpif90='gfortran'
oldincludedir='/usr/include'
parallel_report='Configured for compilation of serial executables.'
pdfdir='${docdir}'
pre_fdflags=''
prefix='/usr/local'
program_transform_name='s,x,x,'
psdir='${docdir}'
ranlib='ranlib'
sbindir='${exec_prefix}/sbin'
scalapack_libs=''
scalapack_line='@delete@'
sharedstatedir='${prefix}/com'
sysconfdir='${prefix}/etc'
target_alias=''
topdir='/home/qe-buildbot/slave_qe_forge/QE-FORGE__PACKAGING_/build'
wget='wget -O'

## ----------- ##
## confdefs.h. ##
## ----------- ##

/* confdefs.h */
#define PACKAGE_NAME "ESPRESSO"
#define PACKAGE_TARNAME "espresso"
#define PACKAGE_VERSION "5.4.0"
#define PACKAGE_STRING "ESPRESSO 5.4.0"
#define PACKAGE_BUGREPORT ""
#define PACKAGE_URL ""
#define STDC_HEADERS 1
#define HAVE_SYS_TYPES_H 1
#define HAVE_SYS_STAT_H 1
#define HAVE_STDLIB_H 1
#define HAVE_STRING_H 1
#define HAVE_MEMORY_H 1
#define HAVE_STRINGS_H 1
#define HAVE_INTTYPES_H 1
#define HAVE_STDINT_H 1
#define HAVE_UNISTD_H 1
#define SIZEOF_INT_P 4
#define HAVE_MALLINFO 1
#define F77_FUNC(name,NAME) name ## _
#define F77_FUNC_(name,NAME) name ## _

configure: exit 0
